<?xml version="1.0" encoding="UTF-8"?>
<testng-results skipped="0" failed="0" total="1" passed="1">
  <reporter-output>
  </reporter-output>
  <suite name="com.github.maricn.AppTest" duration-ms="232" started-at="2017-01-20T13:06:13Z" finished-at="2017-01-20T13:06:13Z">
    <groups>
    </groups>
    <test name="Command line test" duration-ms="232" started-at="2017-01-20T13:06:13Z" finished-at="2017-01-20T13:06:13Z">
      <class name="com.github.maricn.AppTest">
        <test-method status="PASS" signature="testGreeting()[pri:0, instance:com.github.maricn.AppTest@48140564]" name="testGreeting" duration-ms="216" started-at="2017-01-20T14:06:13Z" finished-at="2017-01-20T14:06:13Z">
          <reporter-output>
          </reporter-output>
        </test-method> <!-- testGreeting -->
      </class> <!-- com.github.maricn.AppTest -->
    </test> <!-- Command line test -->
  </suite> <!-- com.github.maricn.AppTest -->
</testng-results>
